<?xml version="1.0" encoding="UTF-8"?>
<!-- Generated by org.testng.reporters.JUnitReportReporter -->
<testsuite hostname="LAPTOP-0AVAR8H5" failures="0" tests="5" name="testngprograms.workingwithgroups" time="0.024" errors="0" timestamp="2023-08-14T17:35:22 IST" skipped="0">
  <testcase classname="testngprograms.workingwithgroups" name="e" time="0.002"/>
  <system-out/>
  <testcase classname="testngprograms.workingwithgroups" name="a" time="0.012"/>
  <system-out/>
  <testcase classname="testngprograms.workingwithgroups" name="b" time="0.002"/>
  <system-out/>
  <testcase classname="testngprograms.workingwithgroups" name="c" time="0.001"/>
  <system-out/>
  <testcase classname="testngprograms.workingwithgroups" name="d" time="0.007"/>
  <system-out/>
</testsuite> <!-- testngprograms.workingwithgroups -->
