<?xml version="1.0" encoding="UTF-8"?>
<!-- Generated by org.testng.reporters.JUnitReportReporter -->
<testsuite hostname="LAPTOP-0AVAR8H5" failures="0" tests="4" name="testngprograms.simpletestngprograms" time="0.014" errors="0" timestamp="2023-08-14T17:33:03 IST" skipped="1">
  <testcase classname="testngprograms.simpletestngprograms" name="def" time="0.011"/>
  <system-out/>
  <testcase classname="testngprograms.simpletestngprograms" name="xyz" time="0.002"/>
  <system-out/>
  <testcase classname="testngprograms.simpletestngprograms" name="klm" time="0.001"/>
  <system-out/>
  <testcase classname="testngprograms.simpletestngprograms" name="abc">
    <skipped/>
  </testcase> <!-- abc -->
  <system-out/>
</testsuite> <!-- testngprograms.simpletestngprograms -->
