<?xml version="1.0" encoding="UTF-8"?>
<!-- Generated by org.testng.reporters.JUnitReportReporter -->
<testsuite hostname="LAPTOP-0AVAR8H5" failures="0" tests="1" name="testngprograms.workingwithannotations" time="0.003" errors="0" timestamp="2023-08-14T16:13:34 IST" skipped="0">
  <testcase classname="testngprograms.workingwithannotations" name="t5" time="0.003"/>
  <system-out/>
</testsuite> <!-- testngprograms.workingwithannotations -->
