<?xml version="1.0" encoding="UTF-8"?>
<!-- Generated by org.testng.reporters.JUnitReportReporter -->
<testsuite hostname="LAPTOP-0AVAR8H5" failures="0" tests="2" name="testngprograms.workingwithreporterlogin" time="0.013" errors="0" timestamp="2023-08-14T17:38:18 IST" skipped="0">
  <testcase classname="testngprograms.workingwithreporterlogin" name="demo2" time="0.001"/>
  <system-out>
    <![CDATA[varun]]>
  </system-out>
  <testcase classname="testngprograms.workingwithreporterlogin" name="demo" time="0.012"/>
  <system-out>
    <![CDATA[hi]]>
  </system-out>
</testsuite> <!-- testngprograms.workingwithreporterlogin -->
