<?xml version="1.0" encoding="UTF-8"?>
<!-- Generated by org.testng.reporters.JUnitReportReporter -->
<testsuite hostname="LAPTOP-0AVAR8H5" failures="0" tests="4" name="simpletestngclass" time="0.013" errors="0" timestamp="2023-08-11T15:32:45 IST" skipped="2">
  <testcase classname="simpletestngclass" name="def" time="0.010"/>
  <system-out/>
  <testcase classname="simpletestngclass" name="klm" time="0.003"/>
  <system-out/>
  <testcase classname="simpletestngclass" name="xyz">
    <skipped/>
  </testcase> <!-- xyz -->
  <system-out/>
  <testcase classname="simpletestngclass" name="abc">
    <skipped/>
  </testcase> <!-- abc -->
  <system-out/>
</testsuite> <!-- simpletestngclass -->
