<?xml version="1.0" encoding="UTF-8"?>
<!-- Generated by org.testng.reporters.JUnitReportReporter -->
<testsuite hostname="LAPTOP-0AVAR8H5" failures="0" tests="1" name="testngprograms.annotationwithselenium" time="10.545" errors="0" timestamp="2023-08-14T16:25:18 IST" skipped="0">
  <testcase classname="testngprograms.annotationwithselenium" name="testcase" time="10.545"/>
  <system-out/>
</testsuite> <!-- testngprograms.annotationwithselenium -->
