<?xml version="1.0" encoding="UTF-8"?>
<!-- Generated by org.testng.reporters.JUnitReportReporter -->
<testsuite hostname="LAPTOP-0AVAR8H5" failures="0" tests="4" name="testngprograms.workingwithdependsmethod" time="0.009" errors="0" timestamp="2023-08-14T16:13:34 IST" skipped="0">
  <testcase classname="testngprograms.workingwithdependsmethod" name="start" time="0.002"/>
  <system-out/>
  <testcase classname="testngprograms.workingwithdependsmethod" name="login" time="0.004"/>
  <system-out/>
  <testcase classname="testngprograms.workingwithdependsmethod" name="profile" time="0.002"/>
  <system-out/>
  <testcase classname="testngprograms.workingwithdependsmethod" name="end" time="0.001"/>
  <system-out/>
</testsuite> <!-- testngprograms.workingwithdependsmethod -->
